{"C:\\Users\\Sghaier SaifEddine\\Desktop\\TestJS\\countData.js": {"path":"C:\\Users\\Sghaier SaifEddine\\Desktop\\TestJS\\countData.js","statementMap":{"0":{"start":{"line":1,"column":18},"end":{"line":20,"column":1}},"1":{"start":{"line":2,"column":20},"end":{"line":2,"column":22}},"2":{"start":{"line":4,"column":4},"end":{"line":18,"column":6}},"3":{"start":{"line":5,"column":24},"end":{"line":5,"column":26}},"4":{"start":{"line":7,"column":6},"end":{"line":12,"column":9}},"5":{"start":{"line":8,"column":8},"end":{"line":11,"column":11}},"6":{"start":{"line":14,"column":6},"end":{"line":17,"column":9}},"7":{"start":{"line":19,"column":4},"end":{"line":19,"column":21}},"8":{"start":{"line":24,"column":0},"end":{"line":26,"column":4}}},"fnMap":{"0":{"name":"(anonymous_0)","decl":{"start":{"line":1,"column":18},"end":{"line":1,"column":19}},"loc":{"start":{"line":1,"column":28},"end":{"line":20,"column":1}},"line":1},"1":{"name":"(anonymous_1)","decl":{"start":{"line":4,"column":17},"end":{"line":4,"column":18}},"loc":{"start":{"line":4,"column":30},"end":{"line":18,"column":5}},"line":4},"2":{"name":"(anonymous_2)","decl":{"start":{"line":7,"column":29},"end":{"line":7,"column":30}},"loc":{"start":{"line":7,"column":41},"end":{"line":12,"column":7}},"line":7}},"branchMap":{},"s":{"0":1,"1":1,"2":1,"3":1,"4":1,"5":5,"6":1,"7":1,"8":1},"f":{"0":1,"1":1,"2":5},"b":{},"_coverageSchema":"1a1c01bbd47fc00a2c39e90264f33305004495a9","hash":"a2507e276787e8293ee02075c617db92613e267f"}
,"C:\\Users\\Sghaier SaifEddine\\Desktop\\TestJS\\filterData.js": {"path":"C:\\Users\\Sghaier SaifEddine\\Desktop\\TestJS\\filterData.js","statementMap":{"0":{"start":{"line":1,"column":19},"end":{"line":25,"column":1}},"1":{"start":{"line":2,"column":21},"end":{"line":2,"column":23}},"2":{"start":{"line":3,"column":4},"end":{"line":23,"column":6}},"3":{"start":{"line":5,"column":25},"end":{"line":5,"column":27}},"4":{"start":{"line":6,"column":6},"end":{"line":15,"column":9}},"5":{"start":{"line":7,"column":28},"end":{"line":7,"column":119}},"6":{"start":{"line":7,"column":62},"end":{"line":7,"column":118}},"7":{"start":{"line":9,"column":8},"end":{"line":14,"column":9}},"8":{"start":{"line":10,"column":10},"end":{"line":13,"column":13}},"9":{"start":{"line":17,"column":6},"end":{"line":22,"column":7}},"10":{"start":{"line":18,"column":8},"end":{"line":21,"column":11}},"11":{"start":{"line":24,"column":4},"end":{"line":24,"column":22}},"12":{"start":{"line":29,"column":0},"end":{"line":31,"column":4}}},"fnMap":{"0":{"name":"(anonymous_0)","decl":{"start":{"line":1,"column":19},"end":{"line":1,"column":20}},"loc":{"start":{"line":1,"column":37},"end":{"line":25,"column":1}},"line":1},"1":{"name":"(anonymous_1)","decl":{"start":{"line":3,"column":17},"end":{"line":3,"column":18}},"loc":{"start":{"line":3,"column":30},"end":{"line":23,"column":5}},"line":3},"2":{"name":"(anonymous_2)","decl":{"start":{"line":6,"column":29},"end":{"line":6,"column":30}},"loc":{"start":{"line":6,"column":41},"end":{"line":15,"column":7}},"line":6},"3":{"name":"(anonymous_3)","decl":{"start":{"line":7,"column":50},"end":{"line":7,"column":51}},"loc":{"start":{"line":7,"column":62},"end":{"line":7,"column":118}},"line":7}},"branchMap":{"0":{"loc":{"start":{"line":9,"column":8},"end":{"line":14,"column":9}},"type":"if","locations":[{"start":{"line":9,"column":8},"end":{"line":14,"column":9}},{"start":{"line":9,"column":8},"end":{"line":14,"column":9}}],"line":9},"1":{"loc":{"start":{"line":17,"column":6},"end":{"line":22,"column":7}},"type":"if","locations":[{"start":{"line":17,"column":6},"end":{"line":22,"column":7}},{"start":{"line":17,"column":6},"end":{"line":22,"column":7}}],"line":17}},"s":{"0":1,"1":3,"2":3,"3":6,"4":6,"5":36,"6":261,"7":36,"8":2,"9":6,"10":2,"11":3,"12":1},"f":{"0":3,"1":6,"2":36,"3":261},"b":{"0":[2,34],"1":[2,4]},"_coverageSchema":"1a1c01bbd47fc00a2c39e90264f33305004495a9","hash":"f66c2076fec6ff96fde5975dc189fc3d94952804"}
}
