TN:
SF:countData.js
FN:1,(anonymous_0)
FN:4,(anonymous_1)
FN:7,(anonymous_2)
FNF:3
FNH:3
FNDA:1,(anonymous_0)
FNDA:1,(anonymous_1)
FNDA:5,(anonymous_2)
DA:1,1
DA:2,1
DA:4,1
DA:5,1
DA:7,1
DA:8,5
DA:14,1
DA:19,1
DA:24,1
LF:9
LH:9
BRF:0
BRH:0
end_of_record
TN:
SF:filterData.js
FN:1,(anonymous_0)
FN:3,(anonymous_1)
FN:6,(anonymous_2)
FN:7,(anonymous_3)
FNF:4
FNH:4
FNDA:3,(anonymous_0)
FNDA:6,(anonymous_1)
FNDA:36,(anonymous_2)
FNDA:261,(anonymous_3)
DA:1,1
DA:2,3
DA:3,3
DA:5,6
DA:6,6
DA:7,261
DA:9,36
DA:10,2
DA:17,6
DA:18,2
DA:24,3
DA:29,1
LF:12
LH:12
BRDA:9,0,0,2
BRDA:9,0,1,34
BRDA:17,1,0,2
BRDA:17,1,1,4
BRF:4
BRH:4
end_of_record
